<?xml version="1.0" encoding="UTF-8"?>
<testsuite name="alhilal.androidapp.RunTest" time="0.045" tests="6" errors="0" skipped="4" failures="2">
  <properties>
[...]
</properties>
  <testcase name="Given Verify the homescreen button Register using card number" classname="Scenario: Register usign Credit Card and Credit Card pin - Active Card" time="0.022">
    <failure message="The Registration using card details button is displayedis not as expected" type="java.lang.AssertionError">java.lang.AssertionError: The Registration using card details button is displayedis not as expected
	at org.junit.Assert.fail(Assert.java:88)
	at org.junit.Assert.assertTrue(Assert.java:41)
	at alhilal.androidapp.utils.AppiumHelpers.assertTrue(AppiumHelpers.java:60)
	at alhilal.androidapp.pages.NonReg_HomeScreenpage.VerifyRegbtn(NonReg_HomeScreenpage.java:9)
	at alhilal.androidapp.step_definitions.NonReg_HomeScreen_Steps.verify_the_homescreen_button_Register_using_card_number(NonReg_HomeScreen_Steps.java:11)
	at ✽.Given Verify the homescreen button Register using card number(Registration_Cred_Card.feature:7)
</failure>
    <system-out><![CDATA[@reg_cred_card
Feature: Registration process using Credit Card
  I should be able to register using my Credit card and Credit card pin
]]></system-out>
    <system-err><![CDATA[Oct 28, 2018 10:43:14 AM org.openqa.selenium.remote.ProtocolHandshake createSession
INFO: Detected dialect: W3C
]]></system-err>
  </testcase>
  <testcase name="Scenario: Register usign Credit Card and Credit Card pin - Active Card" classname="Scenario: Register usign Credit Card and Credit Card pin - Active Card" time="0.023">
    <failure message="The Registration using card details button is displayedis not as expected" type="java.lang.AssertionError">java.lang.AssertionError: The Registration using card details button is displayedis not as expected
	at org.junit.Assert.fail(Assert.java:88)
	at org.junit.Assert.assertTrue(Assert.java:41)
	at alhilal.androidapp.utils.AppiumHelpers.assertTrue(AppiumHelpers.java:60)
	at alhilal.androidapp.pages.NonReg_HomeScreenpage.VerifyRegbtn(NonReg_HomeScreenpage.java:9)
	at alhilal.androidapp.step_definitions.NonReg_HomeScreen_Steps.verify_the_homescreen_button_Register_using_card_number(NonReg_HomeScreen_Steps.java:11)
	at ✽.Given Verify the homescreen button Register using card number(Registration_Cred_Card.feature:7)
</failure>
  </testcase>
  <testcase name="When Tap on Register using card number button and navigate to registration screen" classname="Scenario: Register usign Credit Card and Credit Card pin - Active Card" time="0">
    <skipped/>
  </testcase>
  <testcase name="Then Enter the Active Credit Card number" classname="Scenario: Register usign Credit Card and Credit Card pin - Active Card" time="0">
    <skipped/>
  </testcase>
  <testcase name="And Enter the Active Credict Card PIN number" classname="Scenario: Register usign Credit Card and Credit Card pin - Active Card" time="0">
    <skipped/>
  </testcase>
  <testcase name="Then Verify the card details are validated on fly" classname="Scenario: Register usign Credit Card and Credit Card pin - Active Card" time="0">
    <skipped/>
  </testcase>
</testsuite>