<?xml version="1.0" encoding="UTF-8"?>
<testsuite name="alhilal.androidapp.RunTest" time="0.084" tests="4" errors="3" skipped="1" failures="0">
  <properties>
[...]
</properties>
  <testcase name="Then Get the OTP from the third party app" classname="Scenario: Registration process should allow user to activate biometric login - biometrics features are enabled and set for the device" time="0.041">
    <error message="A session is either terminated or not started&#10;Build info: version: &apos;3.11.0&apos;, revision: &apos;e59cfb3&apos;, time: &apos;2018-03-11T20:26:55.152Z&apos;&#10;System info: host: &apos;Als-MacBook-Pro.local&apos;, ip: &apos;172.16.9.143&apos;, os.name: &apos;Mac OS X&apos;, os.arch: &apos;x86_64&apos;, os.version: &apos;10.11.6&apos;, java.version: &apos;1.8.0_102&apos;&#10;Driver info: io.appium.java_client.android.AndroidDriver&#10;Capabilities {VERSION: 8.0.0, appActivity: com.ahb.mb.dev.AlHilalBank, appPackage: com.ahb.mb.dev, databaseEnabled: false, desired: {VERSION: 8.0.0, appActivity: com.ahb.mb.dev.AlHilalBank, appPackage: com.ahb.mb.dev, deviceName: ce12171ca29fc41504, platformName: android}, deviceManufacturer: samsung, deviceModel: SM-G955F, deviceName: ce12171ca29fc41504, deviceScreenSize: 1440x2960, deviceUDID: ce12171ca29fc41504, javascriptEnabled: true, locationContextEnabled: false, networkConnectionEnabled: true, platform: LINUX, platformName: LINUX, platformVersion: 8.0.0, takesScreenshot: true, warnings: {}, webStorageEnabled: false}&#10;Session ID: 2d0d9b7e-634a-47ff-a68b-33f931934ca7&#10;*** Element info: {Using=xpath, value=//android.widget.HorizontalScrollView[@index=&apos;1&apos;]/android.support.v7.widget.RecyclerView[@index=&apos;0&apos;]/android.widget.LinearLayout[@index=&apos;0&apos;]/android.widget.FrameLayout[@index=&apos;1&apos;]/android.widget.TextView[@index=&apos;0&apos;]}" type="org.openqa.selenium.NoSuchSessionException">org.openqa.selenium.NoSuchSessionException: A session is either terminated or not started
Build info: version: '3.11.0', revision: 'e59cfb3', time: '2018-03-11T20:26:55.152Z'
System info: host: 'Als-MacBook-Pro.local', ip: '172.16.9.143', os.name: 'Mac OS X', os.arch: 'x86_64', os.version: '10.11.6', java.version: '1.8.0_102'
Driver info: io.appium.java_client.android.AndroidDriver
Capabilities {VERSION: 8.0.0, appActivity: com.ahb.mb.dev.AlHilalBank, appPackage: com.ahb.mb.dev, databaseEnabled: false, desired: {VERSION: 8.0.0, appActivity: com.ahb.mb.dev.AlHilalBank, appPackage: com.ahb.mb.dev, deviceName: ce12171ca29fc41504, platformName: android}, deviceManufacturer: samsung, deviceModel: SM-G955F, deviceName: ce12171ca29fc41504, deviceScreenSize: 1440x2960, deviceUDID: ce12171ca29fc41504, javascriptEnabled: true, locationContextEnabled: false, networkConnectionEnabled: true, platform: LINUX, platformName: LINUX, platformVersion: 8.0.0, takesScreenshot: true, warnings: {}, webStorageEnabled: false}
Session ID: 2d0d9b7e-634a-47ff-a68b-33f931934ca7
*** Element info: {Using=xpath, value=//android.widget.HorizontalScrollView[@index='1']/android.support.v7.widget.RecyclerView[@index='0']/android.widget.LinearLayout[@index='0']/android.widget.FrameLayout[@index='1']/android.widget.TextView[@index='0']}
	at sun.reflect.NativeConstructorAccessorImpl.newInstance0(Native Method)
	at sun.reflect.NativeConstructorAccessorImpl.newInstance(NativeConstructorAccessorImpl.java:62)
	at sun.reflect.DelegatingConstructorAccessorImpl.newInstance(DelegatingConstructorAccessorImpl.java:45)
	at java.lang.reflect.Constructor.newInstance(Constructor.java:423)
	at org.openqa.selenium.remote.http.W3CHttpResponseCodec.createException(W3CHttpResponseCodec.java:187)
	at org.openqa.selenium.remote.http.W3CHttpResponseCodec.decode(W3CHttpResponseCodec.java:122)
	at org.openqa.selenium.remote.http.W3CHttpResponseCodec.decode(W3CHttpResponseCodec.java:49)
	at org.openqa.selenium.remote.HttpCommandExecutor.execute(HttpCommandExecutor.java:158)
	at io.appium.java_client.remote.AppiumCommandExecutor.execute(AppiumCommandExecutor.java:129)
	at org.openqa.selenium.remote.RemoteWebDriver.execute(RemoteWebDriver.java:545)
	at io.appium.java_client.DefaultGenericMobileDriver.execute(DefaultGenericMobileDriver.java:42)
	at io.appium.java_client.AppiumDriver.execute(AppiumDriver.java:1)
	at io.appium.java_client.android.AndroidDriver.execute(AndroidDriver.java:1)
	at org.openqa.selenium.remote.RemoteWebDriver.findElement(RemoteWebDriver.java:319)
	at io.appium.java_client.DefaultGenericMobileDriver.findElement(DefaultGenericMobileDriver.java:62)
	at io.appium.java_client.AppiumDriver.findElement(AppiumDriver.java:1)
	at io.appium.java_client.android.AndroidDriver.findElement(AndroidDriver.java:1)
	at org.openqa.selenium.remote.RemoteWebDriver.findElementByXPath(RemoteWebDriver.java:421)
	at io.appium.java_client.DefaultGenericMobileDriver.findElementByXPath(DefaultGenericMobileDriver.java:152)
	at io.appium.java_client.AppiumDriver.findElementByXPath(AppiumDriver.java:1)
	at io.appium.java_client.android.AndroidDriver.findElementByXPath(AndroidDriver.java:1)
	at org.openqa.selenium.By$ByXPath.findElement(By.java:361)
	at org.openqa.selenium.remote.RemoteWebDriver.findElement(RemoteWebDriver.java:311)
	at io.appium.java_client.DefaultGenericMobileDriver.findElement(DefaultGenericMobileDriver.java:58)
	at io.appium.java_client.AppiumDriver.findElement(AppiumDriver.java:1)
	at io.appium.java_client.android.AndroidDriver.findElement(AndroidDriver.java:1)
	at alhilal.androidapp.pages.Reg_Use_Credit_Card_Page.Third_PartyApp(Reg_Use_Credit_Card_Page.java:93)
	at alhilal.androidapp.step_definitions.Reg_Use_Credit_Card_Steps.get_the_OTP_from_the_third_party_app(Reg_Use_Credit_Card_Steps.java:48)
	at ✽.Then Get the OTP from the third party app(Registration_Cred_Card.feature:40)
</error>
    <system-out><![CDATA[@reg_cred_card
Feature: Registration process using Credit Card
  I should be able to register using my Credit card and Credit card pin
]]></system-out>
    <system-err><![CDATA[Oct 30, 2018 4:10:48 PM org.openqa.selenium.remote.ProtocolHandshake createSession
INFO: Detected dialect: W3C
Oct 30, 2018 4:10:56 PM org.openqa.selenium.remote.ProtocolHandshake createSession
INFO: Detected dialect: W3C
]]></system-err>
  </testcase>
  <testcase name="Scenario: Registration process should allow user to activate biometric login - biometrics features are enabled and set for the device" classname="Scenario: Registration process should allow user to activate biometric login - biometrics features are enabled and set for the device" time="0.043">
    <error message="A session is either terminated or not started&#10;Build info: version: &apos;3.11.0&apos;, revision: &apos;e59cfb3&apos;, time: &apos;2018-03-11T20:26:55.152Z&apos;&#10;System info: host: &apos;Als-MacBook-Pro.local&apos;, ip: &apos;172.16.9.143&apos;, os.name: &apos;Mac OS X&apos;, os.arch: &apos;x86_64&apos;, os.version: &apos;10.11.6&apos;, java.version: &apos;1.8.0_102&apos;&#10;Driver info: io.appium.java_client.android.AndroidDriver&#10;Capabilities {VERSION: 8.0.0, appActivity: com.ahb.mb.dev.AlHilalBank, appPackage: com.ahb.mb.dev, databaseEnabled: false, desired: {VERSION: 8.0.0, appActivity: com.ahb.mb.dev.AlHilalBank, appPackage: com.ahb.mb.dev, deviceName: ce12171ca29fc41504, platformName: android}, deviceManufacturer: samsung, deviceModel: SM-G955F, deviceName: ce12171ca29fc41504, deviceScreenSize: 1440x2960, deviceUDID: ce12171ca29fc41504, javascriptEnabled: true, locationContextEnabled: false, networkConnectionEnabled: true, platform: LINUX, platformName: LINUX, platformVersion: 8.0.0, takesScreenshot: true, warnings: {}, webStorageEnabled: false}&#10;Session ID: 2d0d9b7e-634a-47ff-a68b-33f931934ca7&#10;*** Element info: {Using=xpath, value=//android.widget.HorizontalScrollView[@index=&apos;1&apos;]/android.support.v7.widget.RecyclerView[@index=&apos;0&apos;]/android.widget.LinearLayout[@index=&apos;0&apos;]/android.widget.FrameLayout[@index=&apos;1&apos;]/android.widget.TextView[@index=&apos;0&apos;]}" type="org.openqa.selenium.NoSuchSessionException">org.openqa.selenium.NoSuchSessionException: A session is either terminated or not started
Build info: version: '3.11.0', revision: 'e59cfb3', time: '2018-03-11T20:26:55.152Z'
System info: host: 'Als-MacBook-Pro.local', ip: '172.16.9.143', os.name: 'Mac OS X', os.arch: 'x86_64', os.version: '10.11.6', java.version: '1.8.0_102'
Driver info: io.appium.java_client.android.AndroidDriver
Capabilities {VERSION: 8.0.0, appActivity: com.ahb.mb.dev.AlHilalBank, appPackage: com.ahb.mb.dev, databaseEnabled: false, desired: {VERSION: 8.0.0, appActivity: com.ahb.mb.dev.AlHilalBank, appPackage: com.ahb.mb.dev, deviceName: ce12171ca29fc41504, platformName: android}, deviceManufacturer: samsung, deviceModel: SM-G955F, deviceName: ce12171ca29fc41504, deviceScreenSize: 1440x2960, deviceUDID: ce12171ca29fc41504, javascriptEnabled: true, locationContextEnabled: false, networkConnectionEnabled: true, platform: LINUX, platformName: LINUX, platformVersion: 8.0.0, takesScreenshot: true, warnings: {}, webStorageEnabled: false}
Session ID: 2d0d9b7e-634a-47ff-a68b-33f931934ca7
*** Element info: {Using=xpath, value=//android.widget.HorizontalScrollView[@index='1']/android.support.v7.widget.RecyclerView[@index='0']/android.widget.LinearLayout[@index='0']/android.widget.FrameLayout[@index='1']/android.widget.TextView[@index='0']}
	at sun.reflect.NativeConstructorAccessorImpl.newInstance0(Native Method)
	at sun.reflect.NativeConstructorAccessorImpl.newInstance(NativeConstructorAccessorImpl.java:62)
	at sun.reflect.DelegatingConstructorAccessorImpl.newInstance(DelegatingConstructorAccessorImpl.java:45)
	at java.lang.reflect.Constructor.newInstance(Constructor.java:423)
	at org.openqa.selenium.remote.http.W3CHttpResponseCodec.createException(W3CHttpResponseCodec.java:187)
	at org.openqa.selenium.remote.http.W3CHttpResponseCodec.decode(W3CHttpResponseCodec.java:122)
	at org.openqa.selenium.remote.http.W3CHttpResponseCodec.decode(W3CHttpResponseCodec.java:49)
	at org.openqa.selenium.remote.HttpCommandExecutor.execute(HttpCommandExecutor.java:158)
	at io.appium.java_client.remote.AppiumCommandExecutor.execute(AppiumCommandExecutor.java:129)
	at org.openqa.selenium.remote.RemoteWebDriver.execute(RemoteWebDriver.java:545)
	at io.appium.java_client.DefaultGenericMobileDriver.execute(DefaultGenericMobileDriver.java:42)
	at io.appium.java_client.AppiumDriver.execute(AppiumDriver.java:1)
	at io.appium.java_client.android.AndroidDriver.execute(AndroidDriver.java:1)
	at org.openqa.selenium.remote.RemoteWebDriver.findElement(RemoteWebDriver.java:319)
	at io.appium.java_client.DefaultGenericMobileDriver.findElement(DefaultGenericMobileDriver.java:62)
	at io.appium.java_client.AppiumDriver.findElement(AppiumDriver.java:1)
	at io.appium.java_client.android.AndroidDriver.findElement(AndroidDriver.java:1)
	at org.openqa.selenium.remote.RemoteWebDriver.findElementByXPath(RemoteWebDriver.java:421)
	at io.appium.java_client.DefaultGenericMobileDriver.findElementByXPath(DefaultGenericMobileDriver.java:152)
	at io.appium.java_client.AppiumDriver.findElementByXPath(AppiumDriver.java:1)
	at io.appium.java_client.android.AndroidDriver.findElementByXPath(AndroidDriver.java:1)
	at org.openqa.selenium.By$ByXPath.findElement(By.java:361)
	at org.openqa.selenium.remote.RemoteWebDriver.findElement(RemoteWebDriver.java:311)
	at io.appium.java_client.DefaultGenericMobileDriver.findElement(DefaultGenericMobileDriver.java:58)
	at io.appium.java_client.AppiumDriver.findElement(AppiumDriver.java:1)
	at io.appium.java_client.android.AndroidDriver.findElement(AndroidDriver.java:1)
	at alhilal.androidapp.pages.Reg_Use_Credit_Card_Page.Third_PartyApp(Reg_Use_Credit_Card_Page.java:93)
	at alhilal.androidapp.step_definitions.Reg_Use_Credit_Card_Steps.get_the_OTP_from_the_third_party_app(Reg_Use_Credit_Card_Steps.java:48)
	at ✽.Then Get the OTP from the third party app(Registration_Cred_Card.feature:40)
</error>
  </testcase>
  <testcase name="Scenario: Registration process should allow user to activate biometric login - biometrics features are enabled and set for the device" classname="Scenario: Registration process should allow user to activate biometric login - biometrics features are enabled and set for the device" time="0.067">
    <error message="A session is either terminated or not started&#10;Build info: version: &apos;3.11.0&apos;, revision: &apos;e59cfb3&apos;, time: &apos;2018-03-11T20:26:55.152Z&apos;&#10;System info: host: &apos;Als-MacBook-Pro.local&apos;, ip: &apos;172.16.9.143&apos;, os.name: &apos;Mac OS X&apos;, os.arch: &apos;x86_64&apos;, os.version: &apos;10.11.6&apos;, java.version: &apos;1.8.0_102&apos;&#10;Driver info: io.appium.java_client.android.AndroidDriver&#10;Capabilities {VERSION: 8.0.0, appActivity: com.ahb.mb.dev.AlHilalBank, appPackage: com.ahb.mb.dev, databaseEnabled: false, desired: {VERSION: 8.0.0, appActivity: com.ahb.mb.dev.AlHilalBank, appPackage: com.ahb.mb.dev, deviceName: ce12171ca29fc41504, platformName: android}, deviceManufacturer: samsung, deviceModel: SM-G955F, deviceName: ce12171ca29fc41504, deviceScreenSize: 1440x2960, deviceUDID: ce12171ca29fc41504, javascriptEnabled: true, locationContextEnabled: false, networkConnectionEnabled: true, platform: LINUX, platformName: LINUX, platformVersion: 8.0.0, takesScreenshot: true, warnings: {}, webStorageEnabled: false}&#10;Session ID: 2d0d9b7e-634a-47ff-a68b-33f931934ca7" type="io.appium.java_client.NoSuchContextException">io.appium.java_client.NoSuchContextException: A session is either terminated or not started
Build info: version: '3.11.0', revision: 'e59cfb3', time: '2018-03-11T20:26:55.152Z'
System info: host: 'Als-MacBook-Pro.local', ip: '172.16.9.143', os.name: 'Mac OS X', os.arch: 'x86_64', os.version: '10.11.6', java.version: '1.8.0_102'
Driver info: io.appium.java_client.android.AndroidDriver
Capabilities {VERSION: 8.0.0, appActivity: com.ahb.mb.dev.AlHilalBank, appPackage: com.ahb.mb.dev, databaseEnabled: false, desired: {VERSION: 8.0.0, appActivity: com.ahb.mb.dev.AlHilalBank, appPackage: com.ahb.mb.dev, deviceName: ce12171ca29fc41504, platformName: android}, deviceManufacturer: samsung, deviceModel: SM-G955F, deviceName: ce12171ca29fc41504, deviceScreenSize: 1440x2960, deviceUDID: ce12171ca29fc41504, javascriptEnabled: true, locationContextEnabled: false, networkConnectionEnabled: true, platform: LINUX, platformName: LINUX, platformVersion: 8.0.0, takesScreenshot: true, warnings: {}, webStorageEnabled: false}
Session ID: 2d0d9b7e-634a-47ff-a68b-33f931934ca7
	at io.appium.java_client.AppiumDriver.context(AppiumDriver.java:201)
	at alhilal.androidapp.utils.Hooks.closeDriver(Hooks.java:23)
	at sun.reflect.NativeMethodAccessorImpl.invoke0(Native Method)
	at sun.reflect.NativeMethodAccessorImpl.invoke(NativeMethodAccessorImpl.java:62)
	at sun.reflect.DelegatingMethodAccessorImpl.invoke(DelegatingMethodAccessorImpl.java:43)
	at java.lang.reflect.Method.invoke(Method.java:498)
	at cucumber.runtime.Utils$1.call(Utils.java:40)
	at cucumber.runtime.Timeout.timeout(Timeout.java:16)
	at cucumber.runtime.Utils.invoke(Utils.java:34)
	at cucumber.runtime.java.JavaHookDefinition.execute(JavaHookDefinition.java:60)
	at cucumber.runtime.Runtime.runHookIfTagsMatch(Runtime.java:224)
	at cucumber.runtime.Runtime.runHooks(Runtime.java:212)
	at cucumber.runtime.Runtime.runAfterHooks(Runtime.java:206)
	at cucumber.runtime.model.CucumberScenario.run(CucumberScenario.java:46)
	at cucumber.runtime.junit.ExecutionUnitRunner.run(ExecutionUnitRunner.java:102)
	at cucumber.runtime.junit.FeatureRunner.runChild(FeatureRunner.java:63)
	at cucumber.runtime.junit.FeatureRunner.runChild(FeatureRunner.java:18)
	at org.junit.runners.ParentRunner$3.run(ParentRunner.java:290)
	at org.junit.runners.ParentRunner$1.schedule(ParentRunner.java:71)
	at org.junit.runners.ParentRunner.runChildren(ParentRunner.java:288)
	at org.junit.runners.ParentRunner.access$000(ParentRunner.java:58)
	at org.junit.runners.ParentRunner$2.evaluate(ParentRunner.java:268)
	at org.junit.runners.ParentRunner.run(ParentRunner.java:363)
	at cucumber.runtime.junit.FeatureRunner.run(FeatureRunner.java:70)
	at cucumber.api.junit.Cucumber.runChild(Cucumber.java:95)
	at cucumber.api.junit.Cucumber.runChild(Cucumber.java:38)
	at org.junit.runners.ParentRunner$3.run(ParentRunner.java:290)
	at org.junit.runners.ParentRunner$1.schedule(ParentRunner.java:71)
	at org.junit.runners.ParentRunner.runChildren(ParentRunner.java:288)
	at org.junit.runners.ParentRunner.access$000(ParentRunner.java:58)
	at org.junit.runners.ParentRunner$2.evaluate(ParentRunner.java:268)
	at org.junit.runners.ParentRunner.run(ParentRunner.java:363)
	at cucumber.api.junit.Cucumber.run(Cucumber.java:100)
	at org.apache.maven.surefire.junit4.JUnit4Provider.execute(JUnit4Provider.java:283)
	at org.apache.maven.surefire.junit4.JUnit4Provider.executeWithRerun(JUnit4Provider.java:173)
	at org.apache.maven.surefire.junit4.JUnit4Provider.executeTestSet(JUnit4Provider.java:153)
	at org.apache.maven.surefire.junit4.JUnit4Provider.invoke(JUnit4Provider.java:128)
	at org.apache.maven.surefire.booter.ForkedBooter.invokeProviderInSameClassLoader(ForkedBooter.java:203)
	at org.apache.maven.surefire.booter.ForkedBooter.runSuitesInProcess(ForkedBooter.java:155)
	at org.apache.maven.surefire.booter.ForkedBooter.main(ForkedBooter.java:103)
Caused by: org.openqa.selenium.NoSuchSessionException: A session is either terminated or not started
Build info: version: '3.11.0', revision: 'e59cfb3', time: '2018-03-11T20:26:55.152Z'
System info: host: 'Als-MacBook-Pro.local', ip: '172.16.9.143', os.name: 'Mac OS X', os.arch: 'x86_64', os.version: '10.11.6', java.version: '1.8.0_102'
Driver info: io.appium.java_client.android.AndroidDriver
Capabilities {VERSION: 8.0.0, appActivity: com.ahb.mb.dev.AlHilalBank, appPackage: com.ahb.mb.dev, databaseEnabled: false, desired: {VERSION: 8.0.0, appActivity: com.ahb.mb.dev.AlHilalBank, appPackage: com.ahb.mb.dev, deviceName: ce12171ca29fc41504, platformName: android}, deviceManufacturer: samsung, deviceModel: SM-G955F, deviceName: ce12171ca29fc41504, deviceScreenSize: 1440x2960, deviceUDID: ce12171ca29fc41504, javascriptEnabled: true, locationContextEnabled: false, networkConnectionEnabled: true, platform: LINUX, platformName: LINUX, platformVersion: 8.0.0, takesScreenshot: true, warnings: {}, webStorageEnabled: false}
Session ID: 2d0d9b7e-634a-47ff-a68b-33f931934ca7
	at sun.reflect.NativeConstructorAccessorImpl.newInstance0(Native Method)
	at sun.reflect.NativeConstructorAccessorImpl.newInstance(NativeConstructorAccessorImpl.java:62)
	at sun.reflect.DelegatingConstructorAccessorImpl.newInstance(DelegatingConstructorAccessorImpl.java:45)
	at java.lang.reflect.Constructor.newInstance(Constructor.java:423)
	at org.openqa.selenium.remote.http.W3CHttpResponseCodec.createException(W3CHttpResponseCodec.java:187)
	at org.openqa.selenium.remote.http.W3CHttpResponseCodec.decode(W3CHttpResponseCodec.java:122)
	at org.openqa.selenium.remote.http.W3CHttpResponseCodec.decode(W3CHttpResponseCodec.java:49)
	at org.openqa.selenium.remote.HttpCommandExecutor.execute(HttpCommandExecutor.java:158)
	at io.appium.java_client.remote.AppiumCommandExecutor.execute(AppiumCommandExecutor.java:129)
	at org.openqa.selenium.remote.RemoteWebDriver.execute(RemoteWebDriver.java:545)
	at io.appium.java_client.DefaultGenericMobileDriver.execute(DefaultGenericMobileDriver.java:42)
	at io.appium.java_client.AppiumDriver.execute(AppiumDriver.java:1)
	at io.appium.java_client.android.AndroidDriver.execute(AndroidDriver.java:1)
	at io.appium.java_client.AppiumDriver.context(AppiumDriver.java:198)
	at alhilal.androidapp.utils.Hooks.closeDriver(Hooks.java:23)
	at sun.reflect.NativeMethodAccessorImpl.invoke0(Native Method)
	at sun.reflect.NativeMethodAccessorImpl.invoke(NativeMethodAccessorImpl.java:62)
	at sun.reflect.DelegatingMethodAccessorImpl.invoke(DelegatingMethodAccessorImpl.java:43)
	at java.lang.reflect.Method.invoke(Method.java:498)
	at cucumber.runtime.Utils$1.call(Utils.java:40)
	at cucumber.runtime.Timeout.timeout(Timeout.java:16)
	at cucumber.runtime.Utils.invoke(Utils.java:34)
	at cucumber.runtime.java.JavaHookDefinition.execute(JavaHookDefinition.java:60)
	at cucumber.runtime.Runtime.runHookIfTagsMatch(Runtime.java:224)
	at cucumber.runtime.Runtime.runHooks(Runtime.java:212)
	at cucumber.runtime.Runtime.runAfterHooks(Runtime.java:206)
	at cucumber.runtime.model.CucumberScenario.run(CucumberScenario.java:46)
	at cucumber.runtime.junit.ExecutionUnitRunner.run(ExecutionUnitRunner.java:102)
	at cucumber.runtime.junit.FeatureRunner.runChild(FeatureRunner.java:63)
	at cucumber.runtime.junit.FeatureRunner.runChild(FeatureRunner.java:18)
	at org.junit.runners.ParentRunner$3.run(ParentRunner.java:290)
	at org.junit.runners.ParentRunner$1.schedule(ParentRunner.java:71)
	at org.junit.runners.ParentRunner.runChildren(ParentRunner.java:288)
	at org.junit.runners.ParentRunner.access$000(ParentRunner.java:58)
	at org.junit.runners.ParentRunner$2.evaluate(ParentRunner.java:268)
	at org.junit.runners.ParentRunner.run(ParentRunner.java:363)
	at cucumber.runtime.junit.FeatureRunner.run(FeatureRunner.java:70)
	at cucumber.api.junit.Cucumber.runChild(Cucumber.java:95)
	at cucumber.api.junit.Cucumber.runChild(Cucumber.java:38)
	at org.junit.runners.ParentRunner$3.run(ParentRunner.java:290)
	at org.junit.runners.ParentRunner$1.schedule(ParentRunner.java:71)
	at org.junit.runners.ParentRunner.runChildren(ParentRunner.java:288)
	at org.junit.runners.ParentRunner.access$000(ParentRunner.java:58)
	at org.junit.runners.ParentRunner$2.evaluate(ParentRunner.java:268)
	at org.junit.runners.ParentRunner.run(ParentRunner.java:363)
	at cucumber.api.junit.Cucumber.run(Cucumber.java:100)
	at org.apache.maven.surefire.junit4.JUnit4Provider.execute(JUnit4Provider.java:283)
	at org.apache.maven.surefire.junit4.JUnit4Provider.executeWithRerun(JUnit4Provider.java:173)
	at org.apache.maven.surefire.junit4.JUnit4Provider.executeTestSet(JUnit4Provider.java:153)
	at org.apache.maven.surefire.junit4.JUnit4Provider.invoke(JUnit4Provider.java:128)
	at org.apache.maven.surefire.booter.ForkedBooter.invokeProviderInSameClassLoader(ForkedBooter.java:203)
	at org.apache.maven.surefire.booter.ForkedBooter.runSuitesInProcess(ForkedBooter.java:155)
	at org.apache.maven.surefire.booter.ForkedBooter.main(ForkedBooter.java:103)
</error>
  </testcase>
  <testcase name="And Enter the OTP and confirm the screen navigates to you are all set! screen" classname="Scenario: Registration process should allow user to activate biometric login - biometrics features are enabled and set for the device" time="0">
    <skipped/>
  </testcase>
</testsuite>